<?xml version="1.0" encoding="UTF-8"?>
<testng-results skipped="0" failed="0" ignored="0" total="1" passed="1">
  <reporter-output>
  </reporter-output>
  <suite name="Default suite" duration-ms="45" started-at="2022-03-30T07:45:35 UTC" finished-at="2022-03-30T07:45:35 UTC">
    <groups>
    </groups>
    <test name="Default test" duration-ms="45" started-at="2022-03-30T07:45:35 UTC" finished-at="2022-03-30T07:45:35 UTC">
      <class name="testcases.SampleTest">
        <test-method status="PASS" signature="test1()[pri:0, instance:testcases.SampleTest@7d0587f1]" name="test1" duration-ms="13" started-at="2022-03-30T07:45:35 UTC" finished-at="2022-03-30T07:45:35 UTC">
          <reporter-output>
          </reporter-output>
        </test-method> <!-- test1 -->
      </class> <!-- testcases.SampleTest -->
    </test> <!-- Default test -->
  </suite> <!-- Default suite -->
</testng-results>
